<?xml version="1.0" encoding="UTF-8"?>
<testng-results skipped="0" failed="0" ignored="1" total="3" passed="2">
  <reporter-output>
    <line>
      <![CDATA[Setting up and starting the test]]>
    </line>
    <line>
      <![CDATA[Test startup completed]]>
    </line>
  </reporter-output>
  <suite name="Suite" duration-ms="108154" started-at="2020-02-26T12:52:17Z" finished-at="2020-02-26T12:54:05Z">
    <groups>
    </groups>
    <test name="Test" duration-ms="108154" started-at="2020-02-26T12:52:17Z" finished-at="2020-02-26T12:54:05Z">
      <class name="testcases.LoginTestCLink">
        <test-method status="PASS" signature="setupSuite()[pri:0, instance:testcases.LoginTestCLink@475530b9]" name="setupSuite" is-config="true" duration-ms="972" started-at="2020-02-26T18:22:16Z" finished-at="2020-02-26T18:22:17Z">
          <reporter-output>
            <line>
              <![CDATA[Setting up and starting the test]]>
            </line>
            <line>
              <![CDATA[Test startup completed]]>
            </line>
          </reporter-output>
        </test-method> <!-- setupSuite -->
        <test-method status="PASS" signature="LogginAppl()[pri:0, instance:testcases.LoginTestCLink@475530b9]" name="LogginAppl" duration-ms="32344" started-at="2020-02-26T18:22:17Z" finished-at="2020-02-26T18:22:49Z">
          <reporter-output>
          </reporter-output>
        </test-method> <!-- LogginAppl -->
        <test-method status="PASS" signature="tearDownMethod(org.testng.ITestResult)[pri:0, instance:testcases.LoginTestCLink@475530b9]" name="tearDownMethod" is-config="true" duration-ms="1276" started-at="2020-02-26T18:22:49Z" finished-at="2020-02-26T18:22:50Z">
          <params>
            <param index="0">
              <value>
                <![CDATA[[TestResult name=LogginAppl status=SUCCESS method=LoginTestCLink.LogginAppl()[pri:0, instance:testcases.LoginTestCLink@475530b9] output={null}]]]>
              </value>
            </param>
          </params>
          <reporter-output>
          </reporter-output>
        </test-method> <!-- tearDownMethod -->
      </class> <!-- testcases.LoginTestCLink -->
      <class name="testcases.Dashboard">
        <test-method status="PASS" signature="Appointments()[pri:0, instance:testcases.Dashboard@1d057a39]" name="Appointments" duration-ms="74154" started-at="2020-02-26T18:22:50Z" finished-at="2020-02-26T18:24:04Z">
          <reporter-output>
          </reporter-output>
        </test-method> <!-- Appointments -->
        <test-method status="FAIL" signature="tearDownMethod(org.testng.ITestResult)[pri:0, instance:testcases.Dashboard@1d057a39]" name="tearDownMethod" is-config="true" duration-ms="351" started-at="2020-02-26T18:24:04Z" finished-at="2020-02-26T18:24:05Z">
          <params>
            <param index="0">
              <value>
                <![CDATA[[TestResult name=Appointments status=SUCCESS method=Dashboard.Appointments()[pri:0, instance:testcases.Dashboard@1d057a39] output={null}]]]>
              </value>
            </param>
          </params>
          <exception class="java.lang.NullPointerException">
            <full-stacktrace>
              <![CDATA[java.lang.NullPointerException
	at utilities.Browserfactory.tearDownMethod(Browserfactory.java:89)
	at sun.reflect.NativeMethodAccessorImpl.invoke0(Native Method)
	at sun.reflect.NativeMethodAccessorImpl.invoke(Unknown Source)
	at sun.reflect.DelegatingMethodAccessorImpl.invoke(Unknown Source)
	at java.lang.reflect.Method.invoke(Unknown Source)
	at org.testng.internal.MethodInvocationHelper.invokeMethod(MethodInvocationHelper.java:108)
	at org.testng.internal.Invoker.invokeConfigurationMethod(Invoker.java:523)
	at org.testng.internal.Invoker.invokeConfigurations(Invoker.java:224)
	at org.testng.internal.Invoker.invokeMethod(Invoker.java:723)
	at org.testng.internal.Invoker.invokeTestMethod(Invoker.java:869)
	at org.testng.internal.Invoker.invokeTestMethods(Invoker.java:1193)
	at org.testng.internal.TestMethodWorker.invokeTestMethods(TestMethodWorker.java:126)
	at org.testng.internal.TestMethodWorker.run(TestMethodWorker.java:109)
	at org.testng.TestRunner.privateRun(TestRunner.java:744)
	at org.testng.TestRunner.run(TestRunner.java:602)
	at org.testng.SuiteRunner.runTest(SuiteRunner.java:380)
	at org.testng.SuiteRunner.runSequentially(SuiteRunner.java:375)
	at org.testng.SuiteRunner.privateRun(SuiteRunner.java:340)
	at org.testng.SuiteRunner.run(SuiteRunner.java:289)
	at org.testng.SuiteRunnerWorker.runSuite(SuiteRunnerWorker.java:52)
	at org.testng.SuiteRunnerWorker.run(SuiteRunnerWorker.java:86)
	at org.testng.TestNG.runSuitesSequentially(TestNG.java:1301)
	at org.testng.TestNG.runSuitesLocally(TestNG.java:1226)
	at org.testng.TestNG.runSuites(TestNG.java:1144)
	at org.testng.TestNG.run(TestNG.java:1115)
	at org.testng.remote.AbstractRemoteTestNG.run(AbstractRemoteTestNG.java:126)
	at org.testng.remote.RemoteTestNG.initAndRun(RemoteTestNG.java:137)
	at org.testng.remote.RemoteTestNG.main(RemoteTestNG.java:58)
]]>
            </full-stacktrace>
          </exception> <!-- java.lang.NullPointerException -->
          <reporter-output>
          </reporter-output>
        </test-method> <!-- tearDownMethod -->
      </class> <!-- testcases.Dashboard -->
    </test> <!-- Test -->
  </suite> <!-- Suite -->
</testng-results>
