<?xml version="1.0" encoding="UTF-8"?>
<!-- Generated by org.testng.reporters.JUnitXMLReporter -->
<testsuite hostname="SAKSOFT071PDC" ignored="1" name="Test" tests="2" failures="0" timestamp="26 Feb 2020 12:54:05 GMT" time="108.154" errors="0">
  <testcase name="@AfterMethod tearDownMethod" time="0.351" classname="utilities.Browserfactory">
    <failure type="java.lang.NullPointerException">
      <![CDATA[java.lang.NullPointerException
	at utilities.Browserfactory.tearDownMethod(Browserfactory.java:89)
... Removed 27 stack frames]]>
    </failure>
  </testcase> <!-- @AfterMethod tearDownMethod -->
  <testcase name="LogginAppl" time="32.344" classname="testcases.LoginTestCLink"/>
  <testcase name="Appointments" time="74.154" classname="testcases.Dashboard"/>
  <testcase name="@BeforeSuite setupSuite" time="0.0" classname="utilities.Browserfactory">
    <ignored/>
  </testcase> <!-- @BeforeSuite setupSuite -->
</testsuite> <!-- Test -->
